Logger:fileTransport stream opened...
[Tue Jul 22 2014 13:30:54 GMT+0200 (CEST)] [WAMPSERVER] INFO - server is loading plugin [echoService]
[Tue Jul 22 2014 13:30:54 GMT+0200 (CEST)] [WAMPSERVER] INFO - connection to application router established
[Tue Jul 22 2014 13:30:54 GMT+0200 (CEST)] [WAMPSERVER] INFO - [bb:echo] registered successfully
Logger:fileTransport stream closed...
Logger:fileTransport stream opened...
[Tue Jul 22 2014 14:01:50 GMT+0200 (CEST)] [WAMPSERVER] INFO - server is loading plugin [echoService]
[Tue Jul 22 2014 14:01:50 GMT+0200 (CEST)] [REST] INFO - server is loading plugin [echo]
[Tue Jul 22 2014 14:01:50 GMT+0200 (CEST)] [REST] INFO - 	echo service loaded
[Tue Jul 22 2014 14:01:50 GMT+0200 (CEST)] [REST] INFO - server listen on port [9088]
[Tue Jul 22 2014 14:01:50 GMT+0200 (CEST)] [WAMPSERVER] INFO - connection to application router established
[Tue Jul 22 2014 14:01:50 GMT+0200 (CEST)] [WAMPSERVER] INFO - 	[bb:echo] registered successfully
Logger:fileTransport stream opened...
[Tue Jul 22 2014 14:14:16 GMT+0200 (CEST)] [WAMPSERVER] INFO - server is loading plugin [echoService]
[Tue Jul 22 2014 14:14:16 GMT+0200 (CEST)] [REST] INFO - server is loading plugin [echo]
[Tue Jul 22 2014 14:14:16 GMT+0200 (CEST)] [REST] INFO - 	echo service loaded
[Tue Jul 22 2014 14:14:16 GMT+0200 (CEST)] [REST] INFO - server listen on port [9088]
[Tue Jul 22 2014 14:14:16 GMT+0200 (CEST)] [WAMPSERVER] INFO - connection to application router established
[Tue Jul 22 2014 14:14:16 GMT+0200 (CEST)] [WAMPSERVER] INFO - 	[bb:echo] registered successfully
Logger:fileTransport stream opened...
[Tue Jul 22 2014 14:14:40 GMT+0200 (CEST)] [WAMPSERVER] INFO - server is loading plugin [echoService]
[Tue Jul 22 2014 14:14:40 GMT+0200 (CEST)] [REST] INFO - server is loading plugin [echo]
[Tue Jul 22 2014 14:14:40 GMT+0200 (CEST)] [REST] INFO - 	echo service loaded
[Tue Jul 22 2014 14:14:40 GMT+0200 (CEST)] [WAMPSERVER] INFO - connection to application router established
[Tue Jul 22 2014 14:14:40 GMT+0200 (CEST)] [WAMPSERVER] ERROR - 	wamp.error.procedure_already_exists
Logger:fileTransport stream opened...
[Tue Jul 22 2014 14:14:52 GMT+0200 (CEST)] [WAMPSERVER] INFO - server is loading plugin [echoService]
[Tue Jul 22 2014 14:14:52 GMT+0200 (CEST)] [REST] INFO - server is loading plugin [echo]
[Tue Jul 22 2014 14:14:52 GMT+0200 (CEST)] [REST] INFO - 	echo service loaded
[Tue Jul 22 2014 14:14:52 GMT+0200 (CEST)] [REST] INFO - server listen on port [9088]
[Tue Jul 22 2014 14:14:52 GMT+0200 (CEST)] [WAMPSERVER] INFO - connection to application router established
[Tue Jul 22 2014 14:14:52 GMT+0200 (CEST)] [WAMPSERVER] INFO - 	[bb:echo] registered successfully
Logger:fileTransport stream opened...
[Tue Jul 22 2014 14:15:42 GMT+0200 (CEST)] [WAMPSERVER] INFO - server is loading plugin [echoService]
[Tue Jul 22 2014 14:15:42 GMT+0200 (CEST)] [REST] INFO - server is loading plugin [echo]
[Tue Jul 22 2014 14:15:42 GMT+0200 (CEST)] [REST] INFO - 	echo service loaded
[Tue Jul 22 2014 14:15:42 GMT+0200 (CEST)] [WAMPSERVER] INFO - connection to application router established
[Tue Jul 22 2014 14:15:42 GMT+0200 (CEST)] [WAMPSERVER] ERROR - 	wamp.error.procedure_already_exists
Logger:fileTransport stream opened...
[Tue Jul 22 2014 14:15:49 GMT+0200 (CEST)] [WAMPSERVER] INFO - server is loading plugin [echoService]
[Tue Jul 22 2014 14:15:49 GMT+0200 (CEST)] [REST] INFO - server is loading plugin [echo]
[Tue Jul 22 2014 14:15:49 GMT+0200 (CEST)] [REST] INFO - 	echo service loaded
[Tue Jul 22 2014 14:15:49 GMT+0200 (CEST)] [REST] INFO - server listen on port [9088]
[Tue Jul 22 2014 14:15:49 GMT+0200 (CEST)] [WAMPSERVER] INFO - connection to application router established
[Tue Jul 22 2014 14:15:49 GMT+0200 (CEST)] [WAMPSERVER] INFO - 	[bb:echo] registered successfully
Logger:fileTransport stream closed...
Logger:fileTransport stream opened...
[Tue Jul 22 2014 14:18:04 GMT+0200 (CEST)] [WAMPSERVER] INFO - server is loading plugin [echoService]
[Tue Jul 22 2014 14:18:04 GMT+0200 (CEST)] [REST] INFO - server is loading plugin [echo]
[Tue Jul 22 2014 14:18:04 GMT+0200 (CEST)] [REST] INFO - 	echo service loaded
[Tue Jul 22 2014 14:18:04 GMT+0200 (CEST)] [REST] INFO - server listen on port [9088]
[Tue Jul 22 2014 14:18:04 GMT+0200 (CEST)] [WAMPSERVER] INFO - connection to application router established
[Tue Jul 22 2014 14:18:04 GMT+0200 (CEST)] [WAMPSERVER] INFO - 	[bb:echo] registered successfully
Logger:fileTransport stream opened...
[Tue Jul 22 2014 14:18:36 GMT+0200 (CEST)] [WAMPSERVER] INFO - server is loading plugin [echoService]
[Tue Jul 22 2014 14:18:36 GMT+0200 (CEST)] [REST] INFO - server is loading plugin [echo]
[Tue Jul 22 2014 14:18:36 GMT+0200 (CEST)] [REST] INFO - 	echo service loaded
[Tue Jul 22 2014 14:18:36 GMT+0200 (CEST)] [REST] INFO - server listen on port [9088]
[Tue Jul 22 2014 14:18:36 GMT+0200 (CEST)] [WAMPSERVER] INFO - connection to application router established
[Tue Jul 22 2014 14:18:36 GMT+0200 (CEST)] [WAMPSERVER] INFO - 	[bb:echo] registered successfully
Logger:fileTransport stream closed...
Logger:fileTransport stream closed...
Logger:fileTransport stream opened...
[Tue Jul 22 2014 14:19:55 GMT+0200 (CEST)] [WAMPSERVER] INFO - server is loading plugin [echoService]
[Tue Jul 22 2014 14:19:55 GMT+0200 (CEST)] [REST] INFO - server is loading plugin [echo]
[Tue Jul 22 2014 14:19:55 GMT+0200 (CEST)] [REST] INFO - 	echo service loaded
[Tue Jul 22 2014 14:19:55 GMT+0200 (CEST)] [REST] INFO - server listen on port [9088]
[Tue Jul 22 2014 14:19:55 GMT+0200 (CEST)] [WAMPSERVER] INFO - connection to application router established
[Tue Jul 22 2014 14:19:55 GMT+0200 (CEST)] [WAMPSERVER] INFO - 	[bb:echo] registered successfully
[Tue Jul 22 2014 14:19:55 GMT+0200 (CEST)] [REST] WARN - RestServer shutdown
Logger:fileTransport stream opened...
[Tue Jul 22 2014 14:20:30 GMT+0200 (CEST)] [WAMPSERVER] INFO - server is loading plugin [echoService]
[Tue Jul 22 2014 14:20:30 GMT+0200 (CEST)] [REST] INFO - server is loading plugin [echo]
[Tue Jul 22 2014 14:20:30 GMT+0200 (CEST)] [REST] INFO - 	echo service loaded
[Tue Jul 22 2014 14:20:30 GMT+0200 (CEST)] [REST] INFO - server listen on port [9088]
[Tue Jul 22 2014 14:20:30 GMT+0200 (CEST)] [WAMPSERVER] INFO - connection to application router established
[Tue Jul 22 2014 14:20:30 GMT+0200 (CEST)] [WAMPSERVER] INFO - 	[bb:echo] registered successfully
[Tue Jul 22 2014 14:20:30 GMT+0200 (CEST)] [WAMPSERVER] WARN - WampServer shutdown
[Tue Jul 22 2014 14:20:30 GMT+0200 (CEST)] [REST] WARN - RestServer shutdown
Logger:fileTransport stream opened...
[Tue Jul 22 2014 14:20:41 GMT+0200 (CEST)] [WAMPSERVER] INFO - server is loading plugin [echoService]
[Tue Jul 22 2014 14:20:41 GMT+0200 (CEST)] [REST] INFO - server is loading plugin [echo]
[Tue Jul 22 2014 14:20:41 GMT+0200 (CEST)] [REST] INFO - 	echo service loaded
[Tue Jul 22 2014 14:20:41 GMT+0200 (CEST)] [REST] INFO - server listen on port [9088]
[Tue Jul 22 2014 14:20:41 GMT+0200 (CEST)] [WAMPSERVER] INFO - connection to application router established
[Tue Jul 22 2014 14:20:41 GMT+0200 (CEST)] [WAMPSERVER] INFO - 	[bb:echo] registered successfully
[Tue Jul 22 2014 14:20:41 GMT+0200 (CEST)] [WAMPSERVER] WARN - WampServer shutdown
[Tue Jul 22 2014 14:20:41 GMT+0200 (CEST)] [REST] WARN - RestServer shutdown
Logger:fileTransport stream closed...
Logger:fileTransport stream closed...
Logger:fileTransport stream closed...
Logger:fileTransport stream opened...
[Tue Jul 22 2014 14:34:24 GMT+0200 (CEST)] [WAMPSERVER] INFO - server is loading plugin [echoService]
[Tue Jul 22 2014 14:34:24 GMT+0200 (CEST)] [REST] INFO - server is loading plugin [echo]
[Tue Jul 22 2014 14:34:24 GMT+0200 (CEST)] [REST] INFO - 	echo service loaded
[Tue Jul 22 2014 14:34:24 GMT+0200 (CEST)] [REST] INFO - server listen on port [9088]
[Tue Jul 22 2014 14:34:24 GMT+0200 (CEST)] [WAMPSERVER] INFO - connection to application router established
[Tue Jul 22 2014 14:34:24 GMT+0200 (CEST)] [WAMPSERVER] INFO - 	[bb:echo] registered successfully
Logger:fileTransport stream closed...
Logger:fileTransport stream opened...
[Tue Jul 22 2014 14:35:31 GMT+0200 (CEST)] [WAMPSERVER] INFO - server is loading plugin [echoService]
[Tue Jul 22 2014 14:35:31 GMT+0200 (CEST)] [REST] INFO - server is loading plugin [echo]
[Tue Jul 22 2014 14:35:31 GMT+0200 (CEST)] [REST] INFO - 	echo service loaded
[Tue Jul 22 2014 14:35:31 GMT+0200 (CEST)] [WAMPSERVER] INFO - connection to application router established
[Tue Jul 22 2014 14:35:31 GMT+0200 (CEST)] [WAMPSERVER] ERROR - 	wamp.error.procedure_already_exists
Logger:fileTransport stream opened...
[Tue Jul 22 2014 14:35:42 GMT+0200 (CEST)] [WAMPSERVER] INFO - server is loading plugin [echoService]
[Tue Jul 22 2014 14:35:42 GMT+0200 (CEST)] [REST] INFO - server is loading plugin [echo]
[Tue Jul 22 2014 14:35:42 GMT+0200 (CEST)] [REST] INFO - 	echo service loaded
[Tue Jul 22 2014 14:35:42 GMT+0200 (CEST)] [REST] INFO - server listen on port [9088]
[Tue Jul 22 2014 14:35:42 GMT+0200 (CEST)] [WAMPSERVER] INFO - connection to application router established
[Tue Jul 22 2014 14:35:42 GMT+0200 (CEST)] [WAMPSERVER] INFO - 	[bb:echo] registered successfully
Logger:fileTransport stream closed...
Logger:fileTransport stream opened...
[Tue Jul 22 2014 14:44:11 GMT+0200 (CEST)] [WAMPSERVER] INFO - server is loading plugin [echoService]
[Tue Jul 22 2014 14:44:11 GMT+0200 (CEST)] [REST] INFO - server is loading plugin [echo]
[Tue Jul 22 2014 14:44:11 GMT+0200 (CEST)] [REST] INFO - 	echo service loaded
[Tue Jul 22 2014 14:44:11 GMT+0200 (CEST)] [WAMPSERVER] INFO - connection to application router established
[Tue Jul 22 2014 14:44:11 GMT+0200 (CEST)] [WAMPSERVER] ERROR - 	wamp.error.procedure_already_exists
Logger:fileTransport stream opened...
[Tue Jul 22 2014 14:44:12 GMT+0200 (CEST)] [WAMPSERVER] INFO - server is loading plugin [echoService]
[Tue Jul 22 2014 14:44:12 GMT+0200 (CEST)] [REST] INFO - server is loading plugin [echo]
[Tue Jul 22 2014 14:44:12 GMT+0200 (CEST)] [REST] INFO - 	echo service loaded
[Tue Jul 22 2014 14:44:12 GMT+0200 (CEST)] [WAMPSERVER] INFO - connection to application router established
[Tue Jul 22 2014 14:44:12 GMT+0200 (CEST)] [WAMPSERVER] ERROR - 	wamp.error.procedure_already_exists
Logger:fileTransport stream opened...
[Tue Jul 22 2014 14:44:55 GMT+0200 (CEST)] [WAMPSERVER] INFO - server is loading plugin [echoService]
[Tue Jul 22 2014 14:44:55 GMT+0200 (CEST)] [REST] INFO - server is loading plugin [echo]
[Tue Jul 22 2014 14:44:55 GMT+0200 (CEST)] [REST] INFO - 	echo service loaded
[Tue Jul 22 2014 14:44:55 GMT+0200 (CEST)] [WAMPSERVER] INFO - connection to application router established
[Tue Jul 22 2014 14:44:55 GMT+0200 (CEST)] [WAMPSERVER] ERROR - 	wamp.error.procedure_already_exists
Logger:fileTransport stream opened...
[Tue Jul 22 2014 14:45:00 GMT+0200 (CEST)] [WAMPSERVER] INFO - server is loading plugin [echoService]
[Tue Jul 22 2014 14:45:00 GMT+0200 (CEST)] [REST] INFO - server is loading plugin [echo]
[Tue Jul 22 2014 14:45:00 GMT+0200 (CEST)] [REST] INFO - 	echo service loaded
[Tue Jul 22 2014 14:45:00 GMT+0200 (CEST)] [REST] INFO - server listen on port [9088]
[Tue Jul 22 2014 14:45:00 GMT+0200 (CEST)] [WAMPSERVER] INFO - connection to application router established
[Tue Jul 22 2014 14:45:00 GMT+0200 (CEST)] [WAMPSERVER] INFO - 	[bb:echo] registered successfully
Logger:fileTransport stream closed...
Logger:fileTransport stream opened...
[Tue Jul 22 2014 14:46:33 GMT+0200 (CEST)] [WAMPSERVER] INFO - server is loading plugin [echoService]
[Tue Jul 22 2014 14:46:33 GMT+0200 (CEST)] [REST] INFO - server is loading plugin [echo]
[Tue Jul 22 2014 14:46:33 GMT+0200 (CEST)] [REST] INFO - 	echo service loaded
[Tue Jul 22 2014 14:46:33 GMT+0200 (CEST)] [WAMPSERVER] INFO - connection to application router established
[Tue Jul 22 2014 14:46:33 GMT+0200 (CEST)] [WAMPSERVER] ERROR - 	wamp.error.procedure_already_exists
Logger:fileTransport stream opened...
[Tue Jul 22 2014 14:46:38 GMT+0200 (CEST)] [WAMPSERVER] INFO - server is loading plugin [echoService]
[Tue Jul 22 2014 14:46:39 GMT+0200 (CEST)] [REST] INFO - server is loading plugin [echo]
[Tue Jul 22 2014 14:46:39 GMT+0200 (CEST)] [REST] INFO - 	echo service loaded
[Tue Jul 22 2014 14:46:39 GMT+0200 (CEST)] [REST] INFO - server listen on port [9088]
[Tue Jul 22 2014 14:46:39 GMT+0200 (CEST)] [WAMPSERVER] INFO - connection to application router established
[Tue Jul 22 2014 14:46:39 GMT+0200 (CEST)] [WAMPSERVER] INFO - 	[bb:echo] registered successfully
Logger:fileTransport stream opened...
[Tue Jul 22 2014 14:48:44 GMT+0200 (CEST)] [WAMPSERVER] INFO - server is loading plugin [echoService]
[Tue Jul 22 2014 14:48:45 GMT+0200 (CEST)] [REST] INFO - server is loading plugin [echo]
[Tue Jul 22 2014 14:48:45 GMT+0200 (CEST)] [REST] INFO - 	echo service loaded
[Tue Jul 22 2014 14:48:45 GMT+0200 (CEST)] [REST] INFO - server listen on port [9088]
[Tue Jul 22 2014 14:48:45 GMT+0200 (CEST)] [WAMPSERVER] INFO - connection to application router established
[Tue Jul 22 2014 14:48:45 GMT+0200 (CEST)] [WAMPSERVER] INFO - 	[bb:echo] registered successfully
Logger:fileTransport stream opened...
[Tue Jul 22 2014 14:49:55 GMT+0200 (CEST)] [WAMPSERVER] INFO - server is loading plugin [echoService]
[Tue Jul 22 2014 14:49:56 GMT+0200 (CEST)] [REST] INFO - server is loading plugin [echo]
[Tue Jul 22 2014 14:49:56 GMT+0200 (CEST)] [REST] INFO - 	echo service loaded
[Tue Jul 22 2014 14:49:56 GMT+0200 (CEST)] [REST] INFO - server listen on port [9088]
[Tue Jul 22 2014 14:49:56 GMT+0200 (CEST)] [WAMPSERVER] INFO - connection to application router established
[Tue Jul 22 2014 14:49:56 GMT+0200 (CEST)] [WAMPSERVER] INFO - 	[bb:echo] registered successfully
Logger:fileTransport stream closed...
Logger:fileTransport stream opened...
[Tue Jul 22 2014 15:01:03 GMT+0200 (CEST)] [WAMPSERVER] INFO - server is loading plugin [echoService]
[Tue Jul 22 2014 15:01:05 GMT+0200 (CEST)] [REST] INFO - server is loading plugin [echo]
[Tue Jul 22 2014 15:01:05 GMT+0200 (CEST)] [REST] INFO - 	echo service loaded
[Tue Jul 22 2014 15:01:05 GMT+0200 (CEST)] [REST] INFO - server listen on port [9088]
[Tue Jul 22 2014 15:01:05 GMT+0200 (CEST)] [WAMPSERVER] INFO - connection to application router established
[Tue Jul 22 2014 15:01:05 GMT+0200 (CEST)] [WAMPSERVER] INFO - 	[bb:echo] registered successfully
Logger:fileTransport stream closed...
Logger:fileTransport stream opened...
[Tue Jul 22 2014 15:02:08 GMT+0200 (CEST)] [WAMPSERVER] INFO - server is loading plugin [echoService]
[Tue Jul 22 2014 15:02:08 GMT+0200 (CEST)] [REST] INFO - server is loading plugin [echo]
[Tue Jul 22 2014 15:02:08 GMT+0200 (CEST)] [REST] INFO - 	echo service loaded
[Tue Jul 22 2014 15:02:08 GMT+0200 (CEST)] [WAMPSERVER] INFO - connection to application router established
[Tue Jul 22 2014 15:02:08 GMT+0200 (CEST)] [WAMPSERVER] ERROR - 	wamp.error.procedure_already_exists
Logger:fileTransport stream opened...
[Tue Jul 22 2014 15:02:24 GMT+0200 (CEST)] [WAMPSERVER] INFO - server is loading plugin [echoService]
[Tue Jul 22 2014 15:02:26 GMT+0200 (CEST)] [REST] INFO - server is loading plugin [echo]
[Tue Jul 22 2014 15:02:26 GMT+0200 (CEST)] [REST] INFO - 	echo service loaded
[Tue Jul 22 2014 15:02:26 GMT+0200 (CEST)] [REST] INFO - server listen on port [9088]
[Tue Jul 22 2014 15:02:26 GMT+0200 (CEST)] [WAMPSERVER] INFO - connection to application router established
[Tue Jul 22 2014 15:02:26 GMT+0200 (CEST)] [WAMPSERVER] INFO - 	[bb:echo] registered successfully
Logger:fileTransport stream closed...
Logger:fileTransport stream opened...
[Tue Jul 22 2014 15:04:06 GMT+0200 (CEST)] [WAMPSERVER] INFO - server is loading plugin [echoService]
[Tue Jul 22 2014 15:04:06 GMT+0200 (CEST)] [REST] INFO - server is loading plugin [echo]
[Tue Jul 22 2014 15:04:06 GMT+0200 (CEST)] [REST] INFO - 	echo service loaded
[Tue Jul 22 2014 15:04:06 GMT+0200 (CEST)] [WAMPSERVER] INFO - connection to application router established
[Tue Jul 22 2014 15:04:06 GMT+0200 (CEST)] [WAMPSERVER] ERROR - 	wamp.error.procedure_already_exists
Logger:fileTransport stream opened...
[Tue Jul 22 2014 15:04:55 GMT+0200 (CEST)] [WAMPSERVER] INFO - server is loading plugin [echoService]
[Tue Jul 22 2014 15:04:56 GMT+0200 (CEST)] [REST] INFO - server is loading plugin [echo]
[Tue Jul 22 2014 15:04:56 GMT+0200 (CEST)] [REST] INFO - 	echo service loaded
[Tue Jul 22 2014 15:04:56 GMT+0200 (CEST)] [WAMPSERVER] INFO - connection to application router established
[Tue Jul 22 2014 15:04:56 GMT+0200 (CEST)] [WAMPSERVER] ERROR - 	wamp.error.procedure_already_exists
Logger:fileTransport stream opened...
[Tue Jul 22 2014 15:05:20 GMT+0200 (CEST)] [WAMPSERVER] INFO - server is loading plugin [echoService]
[Tue Jul 22 2014 15:05:21 GMT+0200 (CEST)] [REST] INFO - server is loading plugin [echo]
[Tue Jul 22 2014 15:05:21 GMT+0200 (CEST)] [REST] INFO - 	echo service loaded
[Tue Jul 22 2014 15:05:21 GMT+0200 (CEST)] [REST] INFO - server listen on port [9088]
[Tue Jul 22 2014 15:05:21 GMT+0200 (CEST)] [WAMPSERVER] INFO - connection to application router established
[Tue Jul 22 2014 15:05:21 GMT+0200 (CEST)] [WAMPSERVER] INFO - 	[bb:echo] registered successfully
[Tue Jul 22 2014 15:05:39 GMT+0200 (CEST)] [WAMPSERVER] WARN - WampServer shutdown
Logger:fileTransport stream opened...
[Tue Jul 22 2014 15:05:56 GMT+0200 (CEST)] [WAMPSERVER] INFO - server is loading plugin [echoService]
[Tue Jul 22 2014 15:05:56 GMT+0200 (CEST)] [REST] INFO - server is loading plugin [echo]
[Tue Jul 22 2014 15:05:56 GMT+0200 (CEST)] [REST] INFO - 	echo service loaded
[Tue Jul 22 2014 15:05:56 GMT+0200 (CEST)] [REST] INFO - server listen on port [9088]
[Tue Jul 22 2014 15:05:56 GMT+0200 (CEST)] [WAMPSERVER] INFO - connection to application router established
[Tue Jul 22 2014 15:05:56 GMT+0200 (CEST)] [WAMPSERVER] INFO - 	[bb:echo] registered successfully
[Tue Jul 22 2014 15:05:56 GMT+0200 (CEST)] [WAMPSERVER] WARN - WampServer shutdown
Logger:fileTransport stream closed...
Logger:fileTransport stream opened...
[Tue Jul 22 2014 15:07:56 GMT+0200 (CEST)] [REST] WARN - RestServer shutdown
Logger:fileTransport stream opened...
[Tue Jul 22 2014 15:08:12 GMT+0200 (CEST)] [WAMPSERVER] INFO - server is loading plugin [echoService]
[Tue Jul 22 2014 15:08:12 GMT+0200 (CEST)] [REST] INFO - server is loading plugin [echo]
[Tue Jul 22 2014 15:08:12 GMT+0200 (CEST)] [REST] INFO - 	echo service loaded
[Tue Jul 22 2014 15:08:12 GMT+0200 (CEST)] [REST] INFO - server listen on port [9088]
[Tue Jul 22 2014 15:08:12 GMT+0200 (CEST)] [WAMPSERVER] INFO - connection to application router established
[Tue Jul 22 2014 15:08:12 GMT+0200 (CEST)] [WAMPSERVER] INFO - 	[bb:echo] registered successfully
[Tue Jul 22 2014 15:08:12 GMT+0200 (CEST)] [WAMPSERVER] WARN - WampServer shutdown
Logger:fileTransport stream closed...
Logger:fileTransport stream opened...
[Tue Jul 22 2014 15:09:45 GMT+0200 (CEST)] [WAMPSERVER] INFO - server is loading plugin [echoService]
[Tue Jul 22 2014 15:09:46 GMT+0200 (CEST)] [REST] INFO - server is loading plugin [echo]
[Tue Jul 22 2014 15:09:46 GMT+0200 (CEST)] [REST] INFO - 	echo service loaded
[Tue Jul 22 2014 15:09:46 GMT+0200 (CEST)] [REST] INFO - server listen on port [9088]
[Tue Jul 22 2014 15:09:46 GMT+0200 (CEST)] [WAMPSERVER] INFO - connection to application router established
[Tue Jul 22 2014 15:09:46 GMT+0200 (CEST)] [WAMPSERVER] INFO - 	[bb:echo] registered successfully
[Tue Jul 22 2014 15:09:54 GMT+0200 (CEST)] [WAMPSERVER] WARN - WampServer shutdown
Logger:fileTransport stream closed...
Logger:fileTransport stream opened...
[Tue Jul 22 2014 15:11:26 GMT+0200 (CEST)] [WAMPSERVER] INFO - server is loading plugin [echoService]
[Tue Jul 22 2014 15:11:26 GMT+0200 (CEST)] [REST] INFO - server is loading plugin [echo]
[Tue Jul 22 2014 15:11:26 GMT+0200 (CEST)] [REST] INFO - 	echo service loaded
[Tue Jul 22 2014 15:11:26 GMT+0200 (CEST)] [REST] INFO - server listen on port [9088]
[Tue Jul 22 2014 15:11:26 GMT+0200 (CEST)] [WAMPSERVER] INFO - connection to application router established
[Tue Jul 22 2014 15:11:26 GMT+0200 (CEST)] [WAMPSERVER] INFO - 	[bb:echo] registered successfully
[Tue Jul 22 2014 15:11:26 GMT+0200 (CEST)] [WAMPSERVER] WARN - WampServer shutdown
[Tue Jul 22 2014 15:11:56 GMT+0200 (CEST)] [REST] WARN - RestServer shutdown
Logger:fileTransport stream opened...
[Tue Jul 22 2014 15:11:57 GMT+0200 (CEST)] [REST] WARN - RestServer shutdown
Logger:fileTransport stream opened...
[Tue Jul 22 2014 15:12:11 GMT+0200 (CEST)] [WAMPSERVER] INFO - server is loading plugin [echoService]
[Tue Jul 22 2014 15:12:11 GMT+0200 (CEST)] [REST] INFO - server is loading plugin [echo]
[Tue Jul 22 2014 15:12:11 GMT+0200 (CEST)] [REST] INFO - 	echo service loaded
[Tue Jul 22 2014 15:12:11 GMT+0200 (CEST)] [REST] INFO - server listen on port [9088]
[Tue Jul 22 2014 15:12:11 GMT+0200 (CEST)] [WAMPSERVER] INFO - connection to application router established
[Tue Jul 22 2014 15:12:11 GMT+0200 (CEST)] [WAMPSERVER] INFO - 	[bb:echo] registered successfully
[Tue Jul 22 2014 15:12:11 GMT+0200 (CEST)] [WAMPSERVER] WARN - WampServer shutdown
[Tue Jul 22 2014 15:12:11 GMT+0200 (CEST)] [REST] WARN - RestServer shutdown
Logger:fileTransport stream opened...
[Tue Jul 22 2014 15:13:07 GMT+0200 (CEST)] [WAMPSERVER] INFO - server is loading plugin [echoService]
[Tue Jul 22 2014 15:13:07 GMT+0200 (CEST)] [REST] INFO - server is loading plugin [echo]
[Tue Jul 22 2014 15:13:07 GMT+0200 (CEST)] [REST] INFO - 	echo service loaded
[Tue Jul 22 2014 15:13:07 GMT+0200 (CEST)] [REST] INFO - server listen on port [9088]
[Tue Jul 22 2014 15:13:07 GMT+0200 (CEST)] [WAMPSERVER] INFO - connection to application router established
[Tue Jul 22 2014 15:13:07 GMT+0200 (CEST)] [WAMPSERVER] INFO - 	[bb:echo] registered successfully
[Tue Jul 22 2014 15:13:07 GMT+0200 (CEST)] [WAMPSERVER] WARN - WampServer shutdown
[Tue Jul 22 2014 15:13:07 GMT+0200 (CEST)] [REST] WARN - RestServer shutdown
